2026-02-11 16:16:55,766:WARNING:
'cuml' is a soft dependency and not included in the pycaret installation. Please run: `pip install cuml` to install.
2026-02-11 16:16:55,766:WARNING:
'cuml' is a soft dependency and not included in the pycaret installation. Please run: `pip install cuml` to install.
2026-02-11 16:16:55,766:WARNING:
'cuml' is a soft dependency and not included in the pycaret installation. Please run: `pip install cuml` to install.
2026-02-11 16:16:55,766:WARNING:
'cuml' is a soft dependency and not included in the pycaret installation. Please run: `pip install cuml` to install.
2026-02-11 16:22:03,798:WARNING:
'cuml' is a soft dependency and not included in the pycaret installation. Please run: `pip install cuml` to install.
2026-02-11 16:22:03,798:WARNING:
'cuml' is a soft dependency and not included in the pycaret installation. Please run: `pip install cuml` to install.
2026-02-11 16:22:03,798:WARNING:
'cuml' is a soft dependency and not included in the pycaret installation. Please run: `pip install cuml` to install.
2026-02-11 16:22:03,798:WARNING:
'cuml' is a soft dependency and not included in the pycaret installation. Please run: `pip install cuml` to install.
2026-02-11 16:23:00,030:WARNING:
'cuml' is a soft dependency and not included in the pycaret installation. Please run: `pip install cuml` to install.
2026-02-11 16:23:00,030:WARNING:
'cuml' is a soft dependency and not included in the pycaret installation. Please run: `pip install cuml` to install.
2026-02-11 16:23:00,030:WARNING:
'cuml' is a soft dependency and not included in the pycaret installation. Please run: `pip install cuml` to install.
2026-02-11 16:23:00,031:WARNING:
'cuml' is a soft dependency and not included in the pycaret installation. Please run: `pip install cuml` to install.
2026-02-11 17:00:15,179:WARNING:
'cuml' is a soft dependency and not included in the pycaret installation. Please run: `pip install cuml` to install.
2026-02-11 17:00:15,180:WARNING:
'cuml' is a soft dependency and not included in the pycaret installation. Please run: `pip install cuml` to install.
2026-02-11 17:00:15,180:WARNING:
'cuml' is a soft dependency and not included in the pycaret installation. Please run: `pip install cuml` to install.
2026-02-11 17:00:15,180:WARNING:
'cuml' is a soft dependency and not included in the pycaret installation. Please run: `pip install cuml` to install.
2026-02-11 17:03:37,894:WARNING:
'cuml' is a soft dependency and not included in the pycaret installation. Please run: `pip install cuml` to install.
2026-02-11 17:03:37,894:WARNING:
'cuml' is a soft dependency and not included in the pycaret installation. Please run: `pip install cuml` to install.
2026-02-11 17:03:37,894:WARNING:
'cuml' is a soft dependency and not included in the pycaret installation. Please run: `pip install cuml` to install.
2026-02-11 17:03:37,894:WARNING:
'cuml' is a soft dependency and not included in the pycaret installation. Please run: `pip install cuml` to install.
2026-02-11 18:49:21,303:WARNING:
'cuml' is a soft dependency and not included in the pycaret installation. Please run: `pip install cuml` to install.
2026-02-11 18:49:21,303:WARNING:
'cuml' is a soft dependency and not included in the pycaret installation. Please run: `pip install cuml` to install.
2026-02-11 18:49:21,303:WARNING:
'cuml' is a soft dependency and not included in the pycaret installation. Please run: `pip install cuml` to install.
2026-02-11 18:49:21,303:WARNING:
'cuml' is a soft dependency and not included in the pycaret installation. Please run: `pip install cuml` to install.
2026-02-11 20:39:56,238:WARNING:
'cuml' is a soft dependency and not included in the pycaret installation. Please run: `pip install cuml` to install.
2026-02-11 20:39:56,239:WARNING:
'cuml' is a soft dependency and not included in the pycaret installation. Please run: `pip install cuml` to install.
2026-02-11 20:39:56,239:WARNING:
'cuml' is a soft dependency and not included in the pycaret installation. Please run: `pip install cuml` to install.
2026-02-11 20:39:56,239:WARNING:
'cuml' is a soft dependency and not included in the pycaret installation. Please run: `pip install cuml` to install.
2026-02-12 12:50:39,718:WARNING:
'cuml' is a soft dependency and not included in the pycaret installation. Please run: `pip install cuml` to install.
2026-02-12 12:50:39,718:WARNING:
'cuml' is a soft dependency and not included in the pycaret installation. Please run: `pip install cuml` to install.
2026-02-12 12:50:39,718:WARNING:
'cuml' is a soft dependency and not included in the pycaret installation. Please run: `pip install cuml` to install.
2026-02-12 12:50:39,718:WARNING:
'cuml' is a soft dependency and not included in the pycaret installation. Please run: `pip install cuml` to install.
2026-02-12 12:53:04,943:INFO:PyCaret AnomalyExperiment
2026-02-12 12:53:04,946:INFO:Logging name: anomaly-default-name
2026-02-12 12:53:04,946:INFO:ML Usecase: MLUsecase.ANOMALY
2026-02-12 12:53:04,946:INFO:version 3.3.2
2026-02-12 12:53:04,946:INFO:Initializing setup()
2026-02-12 12:53:04,946:INFO:self.USI: dae3
2026-02-12 12:53:04,946:INFO:self._variable_keys: {'pipeline', 'n_jobs_param', 'seed', 'exp_id', 'gpu_n_jobs_param', 'USI', 'logging_param', 'exp_name_log', '_available_plots', 'log_plots_param', 'memory', 'data', 'html_param', '_ml_usecase', 'gpu_param', 'X', 'idx'}
2026-02-12 12:53:04,946:INFO:Checking environment
2026-02-12 12:53:04,946:INFO:python_version: 3.11.14
2026-02-12 12:53:04,947:INFO:python_build: ('main', 'Jan 29 2026 15:46:09')
2026-02-12 12:53:04,947:INFO:machine: x86_64
2026-02-12 12:53:04,948:INFO:platform: Linux-6.18.7-arch1-1-x86_64-with-glibc2.42
2026-02-12 12:53:04,949:INFO:Memory: svmem(total=16369086464, available=4977000448, percent=69.6, used=11392086016, free=4531302400, active=9450790912, inactive=865591296, buffers=74293248, cached=1367355392, shared=654577664, slab=281534464)
2026-02-12 12:53:04,950:INFO:Physical Core: 4
2026-02-12 12:53:04,950:INFO:Logical Core: 8
2026-02-12 12:53:04,950:INFO:Checking libraries
2026-02-12 12:53:04,950:INFO:System:
2026-02-12 12:53:04,950:INFO:    python: 3.11.14 (main, Jan 29 2026, 15:46:09) [GCC 15.2.1 20260103]
2026-02-12 12:53:04,950:INFO:executable: /home/davideoliveira/.cache/pypoetry/virtualenvs/anomaly-detection-yVVO47jZ-py3.11/bin/python
2026-02-12 12:53:04,950:INFO:   machine: Linux-6.18.7-arch1-1-x86_64-with-glibc2.42
2026-02-12 12:53:04,950:INFO:PyCaret required dependencies:
2026-02-12 12:53:04,953:WARNING:/home/davideoliveira/.cache/pypoetry/virtualenvs/anomaly-detection-yVVO47jZ-py3.11/lib/python3.11/site-packages/_distutils_hack/__init__.py:30: UserWarning: Setuptools is replacing distutils. Support for replacing an already imported distutils is deprecated. In the future, this condition will fail. Register concerns at https://github.com/pypa/setuptools/issues/new?template=distutils-deprecation.yml
  warnings.warn(

2026-02-12 12:53:05,003:INFO:                 pip: 25.3
2026-02-12 12:53:05,003:INFO:          setuptools: 80.10.2
2026-02-12 12:53:05,003:INFO:             pycaret: 3.3.2
2026-02-12 12:53:05,004:INFO:             IPython: 9.10.0
2026-02-12 12:53:05,004:INFO:          ipywidgets: 8.1.8
2026-02-12 12:53:05,004:INFO:                tqdm: 4.67.3
2026-02-12 12:53:05,004:INFO:               numpy: 1.26.4
2026-02-12 12:53:05,004:INFO:              pandas: 2.1.4
2026-02-12 12:53:05,004:INFO:              jinja2: 3.1.6
2026-02-12 12:53:05,004:INFO:               scipy: 1.11.4
2026-02-12 12:53:05,004:INFO:              joblib: 1.3.2
2026-02-12 12:53:05,004:INFO:             sklearn: 1.4.2
2026-02-12 12:53:05,004:INFO:                pyod: 2.0.6
2026-02-12 12:53:05,004:INFO:            imblearn: 0.14.1
2026-02-12 12:53:05,004:INFO:   category_encoders: 2.7.0
2026-02-12 12:53:05,004:INFO:            lightgbm: 4.6.0
2026-02-12 12:53:05,004:INFO:               numba: 0.63.1
2026-02-12 12:53:05,004:INFO:            requests: 2.32.5
2026-02-12 12:53:05,004:INFO:          matplotlib: 3.7.5
2026-02-12 12:53:05,004:INFO:          scikitplot: 0.3.7
2026-02-12 12:53:05,004:INFO:         yellowbrick: 1.5
2026-02-12 12:53:05,004:INFO:              plotly: 6.5.2
2026-02-12 12:53:05,004:INFO:    plotly-resampler: Not installed
2026-02-12 12:53:05,004:INFO:             kaleido: 1.2.0
2026-02-12 12:53:05,004:INFO:           schemdraw: 0.15
2026-02-12 12:53:05,004:INFO:         statsmodels: 0.14.6
2026-02-12 12:53:05,004:INFO:              sktime: 0.26.0
2026-02-12 12:53:05,004:INFO:               tbats: 1.1.3
2026-02-12 12:53:05,004:INFO:            pmdarima: 2.0.4
2026-02-12 12:53:05,004:INFO:              psutil: 7.2.2
2026-02-12 12:53:05,004:INFO:          markupsafe: 3.0.3
2026-02-12 12:53:05,004:INFO:             pickle5: Not installed
2026-02-12 12:53:05,004:INFO:         cloudpickle: 3.1.2
2026-02-12 12:53:05,004:INFO:         deprecation: 2.1.0
2026-02-12 12:53:05,004:INFO:              xxhash: 3.6.0
2026-02-12 12:53:05,004:INFO:           wurlitzer: 3.1.1
2026-02-12 12:53:05,004:INFO:PyCaret optional dependencies:
2026-02-12 12:53:05,015:INFO:                shap: Not installed
2026-02-12 12:53:05,015:INFO:           interpret: Not installed
2026-02-12 12:53:05,015:INFO:                umap: Not installed
2026-02-12 12:53:05,015:INFO:     ydata_profiling: Not installed
2026-02-12 12:53:05,015:INFO:  explainerdashboard: Not installed
2026-02-12 12:53:05,015:INFO:             autoviz: Not installed
2026-02-12 12:53:05,015:INFO:           fairlearn: Not installed
2026-02-12 12:53:05,015:INFO:          deepchecks: Not installed
2026-02-12 12:53:05,015:INFO:             xgboost: Not installed
2026-02-12 12:53:05,015:INFO:            catboost: Not installed
2026-02-12 12:53:05,015:INFO:              kmodes: Not installed
2026-02-12 12:53:05,015:INFO:             mlxtend: Not installed
2026-02-12 12:53:05,015:INFO:       statsforecast: Not installed
2026-02-12 12:53:05,015:INFO:        tune_sklearn: Not installed
2026-02-12 12:53:05,015:INFO:                 ray: Not installed
2026-02-12 12:53:05,015:INFO:            hyperopt: Not installed
2026-02-12 12:53:05,015:INFO:              optuna: Not installed
2026-02-12 12:53:05,015:INFO:               skopt: Not installed
2026-02-12 12:53:05,015:INFO:              mlflow: Not installed
2026-02-12 12:53:05,015:INFO:              gradio: Not installed
2026-02-12 12:53:05,015:INFO:             fastapi: Not installed
2026-02-12 12:53:05,015:INFO:             uvicorn: Not installed
2026-02-12 12:53:05,015:INFO:              m2cgen: Not installed
2026-02-12 12:53:05,015:INFO:           evidently: Not installed
2026-02-12 12:53:05,015:INFO:               fugue: Not installed
2026-02-12 12:53:05,015:INFO:           streamlit: Not installed
2026-02-12 12:53:05,015:INFO:             prophet: Not installed
2026-02-12 12:53:05,015:INFO:None
2026-02-12 12:53:05,016:INFO:Set up data.
2026-02-12 12:56:57,615:WARNING:
'cuml' is a soft dependency and not included in the pycaret installation. Please run: `pip install cuml` to install.
2026-02-12 12:56:57,615:WARNING:
'cuml' is a soft dependency and not included in the pycaret installation. Please run: `pip install cuml` to install.
2026-02-12 12:56:57,615:WARNING:
'cuml' is a soft dependency and not included in the pycaret installation. Please run: `pip install cuml` to install.
2026-02-12 12:56:57,615:WARNING:
'cuml' is a soft dependency and not included in the pycaret installation. Please run: `pip install cuml` to install.
2026-02-12 12:58:06,324:INFO:PyCaret AnomalyExperiment
2026-02-12 12:58:06,333:INFO:Logging name: anomaly-default-name
2026-02-12 12:58:06,333:INFO:ML Usecase: MLUsecase.ANOMALY
2026-02-12 12:58:06,333:INFO:version 3.3.2
2026-02-12 12:58:06,333:INFO:Initializing setup()
2026-02-12 12:58:06,333:INFO:self.USI: b0e4
2026-02-12 12:58:06,333:INFO:self._variable_keys: {'pipeline', 'seed', 'exp_name_log', 'idx', '_ml_usecase', 'X', 'gpu_n_jobs_param', 'USI', 'data', 'n_jobs_param', 'html_param', '_available_plots', 'exp_id', 'gpu_param', 'log_plots_param', 'logging_param', 'memory'}
2026-02-12 12:58:06,333:INFO:Checking environment
2026-02-12 12:58:06,333:INFO:python_version: 3.11.14
2026-02-12 12:58:06,333:INFO:python_build: ('main', 'Jan 29 2026 15:46:09')
2026-02-12 12:58:06,333:INFO:machine: x86_64
2026-02-12 12:58:06,338:INFO:platform: Linux-6.18.7-arch1-1-x86_64-with-glibc2.42
2026-02-12 12:58:06,339:INFO:Memory: svmem(total=16369086464, available=2251464704, percent=86.2, used=14117621760, free=2198962176, active=5717753856, inactive=7455649792, buffers=6938624, cached=838426624, shared=480071680, slab=220561408)
2026-02-12 12:58:06,339:INFO:Physical Core: 4
2026-02-12 12:58:06,339:INFO:Logical Core: 8
2026-02-12 12:58:06,339:INFO:Checking libraries
2026-02-12 12:58:06,339:INFO:System:
2026-02-12 12:58:06,340:INFO:    python: 3.11.14 (main, Jan 29 2026, 15:46:09) [GCC 15.2.1 20260103]
2026-02-12 12:58:06,340:INFO:executable: /home/davideoliveira/.cache/pypoetry/virtualenvs/anomaly-detection-yVVO47jZ-py3.11/bin/python
2026-02-12 12:58:06,340:INFO:   machine: Linux-6.18.7-arch1-1-x86_64-with-glibc2.42
2026-02-12 12:58:06,340:INFO:PyCaret required dependencies:
2026-02-12 12:58:06,367:WARNING:/home/davideoliveira/.cache/pypoetry/virtualenvs/anomaly-detection-yVVO47jZ-py3.11/lib/python3.11/site-packages/_distutils_hack/__init__.py:30: UserWarning: Setuptools is replacing distutils. Support for replacing an already imported distutils is deprecated. In the future, this condition will fail. Register concerns at https://github.com/pypa/setuptools/issues/new?template=distutils-deprecation.yml
  warnings.warn(

2026-02-12 12:58:06,749:INFO:                 pip: 25.3
2026-02-12 12:58:06,749:INFO:          setuptools: 80.10.2
2026-02-12 12:58:06,749:INFO:             pycaret: 3.3.2
2026-02-12 12:58:06,749:INFO:             IPython: 9.10.0
2026-02-12 12:58:06,749:INFO:          ipywidgets: 8.1.8
2026-02-12 12:58:06,750:INFO:                tqdm: 4.67.3
2026-02-12 12:58:06,750:INFO:               numpy: 1.26.4
2026-02-12 12:58:06,750:INFO:              pandas: 2.1.4
2026-02-12 12:58:06,750:INFO:              jinja2: 3.1.6
2026-02-12 12:58:06,750:INFO:               scipy: 1.11.4
2026-02-12 12:58:06,751:INFO:              joblib: 1.3.2
2026-02-12 12:58:06,751:INFO:             sklearn: 1.4.2
2026-02-12 12:58:06,751:INFO:                pyod: 2.0.6
2026-02-12 12:58:06,751:INFO:            imblearn: 0.14.1
2026-02-12 12:58:06,751:INFO:   category_encoders: 2.7.0
2026-02-12 12:58:06,752:INFO:            lightgbm: 4.6.0
2026-02-12 12:58:06,752:INFO:               numba: 0.63.1
2026-02-12 12:58:06,752:INFO:            requests: 2.32.5
2026-02-12 12:58:06,752:INFO:          matplotlib: 3.7.5
2026-02-12 12:58:06,752:INFO:          scikitplot: 0.3.7
2026-02-12 12:58:06,753:INFO:         yellowbrick: 1.5
2026-02-12 12:58:06,753:INFO:              plotly: 6.5.2
2026-02-12 12:58:06,753:INFO:    plotly-resampler: Not installed
2026-02-12 12:58:06,753:INFO:             kaleido: 1.2.0
2026-02-12 12:58:06,753:INFO:           schemdraw: 0.15
2026-02-12 12:58:06,753:INFO:         statsmodels: 0.14.6
2026-02-12 12:58:06,754:INFO:              sktime: 0.26.0
2026-02-12 12:58:06,754:INFO:               tbats: 1.1.3
2026-02-12 12:58:06,754:INFO:            pmdarima: 2.0.4
2026-02-12 12:58:06,754:INFO:              psutil: 7.2.2
2026-02-12 12:58:06,754:INFO:          markupsafe: 3.0.3
2026-02-12 12:58:06,755:INFO:             pickle5: Not installed
2026-02-12 12:58:06,755:INFO:         cloudpickle: 3.1.2
2026-02-12 12:58:06,755:INFO:         deprecation: 2.1.0
2026-02-12 12:58:06,755:INFO:              xxhash: 3.6.0
2026-02-12 12:58:06,755:INFO:           wurlitzer: 3.1.1
2026-02-12 12:58:06,755:INFO:PyCaret optional dependencies:
2026-02-12 12:58:06,778:INFO:                shap: Not installed
2026-02-12 12:58:06,778:INFO:           interpret: Not installed
2026-02-12 12:58:06,778:INFO:                umap: Not installed
2026-02-12 12:58:06,778:INFO:     ydata_profiling: Not installed
2026-02-12 12:58:06,778:INFO:  explainerdashboard: Not installed
2026-02-12 12:58:06,778:INFO:             autoviz: Not installed
2026-02-12 12:58:06,778:INFO:           fairlearn: Not installed
2026-02-12 12:58:06,778:INFO:          deepchecks: Not installed
2026-02-12 12:58:06,778:INFO:             xgboost: Not installed
2026-02-12 12:58:06,778:INFO:            catboost: Not installed
2026-02-12 12:58:06,778:INFO:              kmodes: Not installed
2026-02-12 12:58:06,778:INFO:             mlxtend: Not installed
2026-02-12 12:58:06,778:INFO:       statsforecast: Not installed
2026-02-12 12:58:06,778:INFO:        tune_sklearn: Not installed
2026-02-12 12:58:06,778:INFO:                 ray: Not installed
2026-02-12 12:58:06,778:INFO:            hyperopt: Not installed
2026-02-12 12:58:06,778:INFO:              optuna: Not installed
2026-02-12 12:58:06,778:INFO:               skopt: Not installed
2026-02-12 12:58:06,778:INFO:              mlflow: Not installed
2026-02-12 12:58:06,778:INFO:              gradio: Not installed
2026-02-12 12:58:06,778:INFO:             fastapi: Not installed
2026-02-12 12:58:06,779:INFO:             uvicorn: Not installed
2026-02-12 12:58:06,779:INFO:              m2cgen: Not installed
2026-02-12 12:58:06,779:INFO:           evidently: Not installed
2026-02-12 12:58:06,779:INFO:               fugue: Not installed
2026-02-12 12:58:06,779:INFO:           streamlit: Not installed
2026-02-12 12:58:06,779:INFO:             prophet: Not installed
2026-02-12 12:58:06,779:INFO:None
2026-02-12 12:58:06,779:INFO:Set up data.
2026-02-12 13:03:18,171:WARNING:
'cuml' is a soft dependency and not included in the pycaret installation. Please run: `pip install cuml` to install.
2026-02-12 13:03:18,171:WARNING:
'cuml' is a soft dependency and not included in the pycaret installation. Please run: `pip install cuml` to install.
2026-02-12 13:03:18,171:WARNING:
'cuml' is a soft dependency and not included in the pycaret installation. Please run: `pip install cuml` to install.
2026-02-12 13:03:18,171:WARNING:
'cuml' is a soft dependency and not included in the pycaret installation. Please run: `pip install cuml` to install.
2026-02-12 13:04:32,024:INFO:Initializing load_model()
2026-02-12 13:04:32,025:INFO:load_model(model_name=/home/davideoliveira/Programming/AIProjects/AnomalyDetection/models/iforest_model, platform=None, authentication=None, verbose=True)
2026-02-12 13:04:32,387:WARNING:/home/davideoliveira/.cache/pypoetry/virtualenvs/anomaly-detection-yVVO47jZ-py3.11/lib/python3.11/site-packages/_distutils_hack/__init__.py:30: UserWarning: Setuptools is replacing distutils. Support for replacing an already imported distutils is deprecated. In the future, this condition will fail. Register concerns at https://github.com/pypa/setuptools/issues/new?template=distutils-deprecation.yml
  warnings.warn(

2026-02-12 13:04:32,417:INFO:Initializing predict_model()
2026-02-12 13:04:32,417:INFO:predict_model(self=<pycaret.anomaly.oop.AnomalyExperiment object at 0x7fe85a5ab350>, estimator=Pipeline(memory=Memory(location=None),
         steps=[('numerical_imputer',
                 TransformerWrapper(include=['A_feed_stream', 'D_feed_stream',
                                             'E_feed_stream',
                                             'Total_fresh_feed_stripper',
                                             'Recycle_flow_into_rxtr',
                                             'Reactor_feed_rate',
                                             'Reactor_pressure',
                                             'Reactor_level', 'Reactor_temp',
                                             'Purge_rate', 'Separator_temp',
                                             'Separator_level',
                                             'Separator_pressure',
                                             'Separator_under...
                                             'Composition_of_F_rxtr_feed',
                                             'Composition_of_A_purge',
                                             'Composition_of_B_purge', ...],
                                    transformer=SimpleImputer())),
                ('categorical_imputer',
                 TransformerWrapper(include=[],
                                    transformer=SimpleImputer(strategy='most_frequent'))),
                ('normalize', TransformerWrapper(transformer=StandardScaler())),
                ('trained_model',
                 IForest(behaviour='new', contamination=0.05, n_jobs=-1, random_state=42))]), ml_usecase=None)
2026-02-12 13:04:32,417:INFO:Set up data.
2026-02-12 13:04:35,485:WARNING:/home/davideoliveira/.cache/pypoetry/virtualenvs/anomaly-detection-yVVO47jZ-py3.11/lib/python3.11/site-packages/sklearn/base.py:486: UserWarning: X has feature names, but IsolationForest was fitted without feature names
  warnings.warn(

2026-02-12 13:04:50,427:WARNING:/home/davideoliveira/.cache/pypoetry/virtualenvs/anomaly-detection-yVVO47jZ-py3.11/lib/python3.11/site-packages/sklearn/base.py:486: UserWarning: X has feature names, but IsolationForest was fitted without feature names
  warnings.warn(

2026-02-12 13:05:08,311:INFO:Initializing load_model()
2026-02-12 13:05:08,312:INFO:load_model(model_name=/home/davideoliveira/Programming/AIProjects/AnomalyDetection/models/pca_model, platform=None, authentication=None, verbose=True)
2026-02-12 13:05:08,336:INFO:Initializing predict_model()
2026-02-12 13:05:08,336:INFO:predict_model(self=<pycaret.anomaly.oop.AnomalyExperiment object at 0x7fe8581faed0>, estimator=Pipeline(memory=Memory(location=None),
         steps=[('numerical_imputer',
                 TransformerWrapper(include=['A_feed_stream', 'D_feed_stream',
                                             'E_feed_stream',
                                             'Total_fresh_feed_stripper',
                                             'Recycle_flow_into_rxtr',
                                             'Reactor_feed_rate',
                                             'Reactor_pressure',
                                             'Reactor_level', 'Reactor_temp',
                                             'Purge_rate', 'Separator_temp',
                                             'Separator_level',
                                             'Separator_pressure',
                                             'Separator_under...
                                             'Composition_of_E_rxtr_feed',
                                             'Composition_of_F_rxtr_feed',
                                             'Composition_of_A_purge',
                                             'Composition_of_B_purge', ...],
                                    transformer=SimpleImputer())),
                ('categorical_imputer',
                 TransformerWrapper(include=[],
                                    transformer=SimpleImputer(strategy='most_frequent'))),
                ('normalize', TransformerWrapper(transformer=StandardScaler())),
                ('trained_model', PCA(contamination=0.05, random_state=42))]), ml_usecase=None)
2026-02-12 13:05:08,336:INFO:Set up data.
2026-02-12 13:05:32,365:INFO:Initializing load_model()
2026-02-12 13:05:32,365:INFO:load_model(model_name=/home/davideoliveira/Programming/AIProjects/AnomalyDetection/models/knn_model, platform=None, authentication=None, verbose=True)
2026-02-12 13:05:32,567:INFO:Initializing predict_model()
2026-02-12 13:05:32,567:INFO:predict_model(self=<pycaret.anomaly.oop.AnomalyExperiment object at 0x7fe85afbc410>, estimator=Pipeline(memory=Memory(location=None),
         steps=[('numerical_imputer',
                 TransformerWrapper(include=['A_feed_stream', 'D_feed_stream',
                                             'E_feed_stream',
                                             'Total_fresh_feed_stripper',
                                             'Recycle_flow_into_rxtr',
                                             'Reactor_feed_rate',
                                             'Reactor_pressure',
                                             'Reactor_level', 'Reactor_temp',
                                             'Purge_rate', 'Separator_temp',
                                             'Separator_level',
                                             'Separator_pressure',
                                             'Separator_under...
                                             'Composition_of_E_rxtr_feed',
                                             'Composition_of_F_rxtr_feed',
                                             'Composition_of_A_purge',
                                             'Composition_of_B_purge', ...],
                                    transformer=SimpleImputer())),
                ('categorical_imputer',
                 TransformerWrapper(include=[],
                                    transformer=SimpleImputer(strategy='most_frequent'))),
                ('normalize', TransformerWrapper(transformer=StandardScaler())),
                ('trained_model', KNN(contamination=0.05, n_jobs=-1))]), ml_usecase=None)
2026-02-12 13:05:32,567:INFO:Set up data.
2026-02-20 13:16:59,817:WARNING:
'cuml' is a soft dependency and not included in the pycaret installation. Please run: `pip install cuml` to install.
2026-02-20 13:16:59,817:WARNING:
'cuml' is a soft dependency and not included in the pycaret installation. Please run: `pip install cuml` to install.
2026-02-20 13:16:59,817:WARNING:
'cuml' is a soft dependency and not included in the pycaret installation. Please run: `pip install cuml` to install.
2026-02-20 13:16:59,817:WARNING:
'cuml' is a soft dependency and not included in the pycaret installation. Please run: `pip install cuml` to install.
2026-02-20 13:19:36,143:WARNING:
'cuml' is a soft dependency and not included in the pycaret installation. Please run: `pip install cuml` to install.
2026-02-20 13:19:36,143:WARNING:
'cuml' is a soft dependency and not included in the pycaret installation. Please run: `pip install cuml` to install.
2026-02-20 13:19:36,143:WARNING:
'cuml' is a soft dependency and not included in the pycaret installation. Please run: `pip install cuml` to install.
2026-02-20 13:19:36,143:WARNING:
'cuml' is a soft dependency and not included in the pycaret installation. Please run: `pip install cuml` to install.
2026-02-20 13:42:37,730:WARNING:
'cuml' is a soft dependency and not included in the pycaret installation. Please run: `pip install cuml` to install.
2026-02-20 13:42:37,730:WARNING:
'cuml' is a soft dependency and not included in the pycaret installation. Please run: `pip install cuml` to install.
2026-02-20 13:42:37,730:WARNING:
'cuml' is a soft dependency and not included in the pycaret installation. Please run: `pip install cuml` to install.
2026-02-20 13:42:37,730:WARNING:
'cuml' is a soft dependency and not included in the pycaret installation. Please run: `pip install cuml` to install.
2026-02-20 13:44:09,511:INFO:PyCaret ClassificationExperiment
2026-02-20 13:44:09,511:INFO:Logging name: clf-default-name
2026-02-20 13:44:09,511:INFO:ML Usecase: MLUsecase.CLASSIFICATION
2026-02-20 13:44:09,512:INFO:version 3.3.2
2026-02-20 13:44:09,512:INFO:Initializing setup()
2026-02-20 13:44:09,512:INFO:self.USI: 31c4
2026-02-20 13:44:09,512:INFO:self._variable_keys: {'pipeline', 'exp_id', 'y_test', 'seed', 'y', 'exp_name_log', 'n_jobs_param', 'log_plots_param', '_ml_usecase', '_available_plots', 'html_param', 'X_train', 'USI', 'logging_param', 'fold_groups_param', 'target_param', 'X', 'X_test', 'is_multiclass', 'y_train', 'memory', 'fix_imbalance', 'idx', 'data', 'fold_generator', 'gpu_n_jobs_param', 'fold_shuffle_param', 'gpu_param'}
2026-02-20 13:44:09,512:INFO:Checking environment
2026-02-20 13:44:09,512:INFO:python_version: 3.11.14
2026-02-20 13:44:09,512:INFO:python_build: ('main', 'Jan 29 2026 15:46:09')
2026-02-20 13:44:09,512:INFO:machine: x86_64
2026-02-20 13:44:09,515:INFO:platform: Linux-6.18.7-arch1-1-x86_64-with-glibc2.42
2026-02-20 13:44:09,515:INFO:Memory: svmem(total=16369078272, available=8150765568, percent=50.2, used=8218312704, free=8023904256, active=3602264064, inactive=2236583936, buffers=8556544, cached=1782370304, shared=1377804288, slab=225943552)
2026-02-20 13:44:09,516:INFO:Physical Core: 4
2026-02-20 13:44:09,516:INFO:Logical Core: 8
2026-02-20 13:44:09,516:INFO:Checking libraries
2026-02-20 13:44:09,516:INFO:System:
2026-02-20 13:44:09,517:INFO:    python: 3.11.14 (main, Jan 29 2026, 15:46:09) [GCC 15.2.1 20260103]
2026-02-20 13:44:09,517:INFO:executable: /home/davideoliveira/.cache/pypoetry/virtualenvs/anomaly-detection-yVVO47jZ-py3.11/bin/python
2026-02-20 13:44:09,517:INFO:   machine: Linux-6.18.7-arch1-1-x86_64-with-glibc2.42
2026-02-20 13:44:09,517:INFO:PyCaret required dependencies:
2026-02-20 13:44:09,520:WARNING:/home/davideoliveira/.cache/pypoetry/virtualenvs/anomaly-detection-yVVO47jZ-py3.11/lib/python3.11/site-packages/_distutils_hack/__init__.py:30: UserWarning: Setuptools is replacing distutils. Support for replacing an already imported distutils is deprecated. In the future, this condition will fail. Register concerns at https://github.com/pypa/setuptools/issues/new?template=distutils-deprecation.yml
  warnings.warn(

2026-02-20 13:44:09,570:INFO:                 pip: 25.3
2026-02-20 13:44:09,570:INFO:          setuptools: 80.10.2
2026-02-20 13:44:09,570:INFO:             pycaret: 3.3.2
2026-02-20 13:44:09,570:INFO:             IPython: 9.10.0
2026-02-20 13:44:09,570:INFO:          ipywidgets: 8.1.8
2026-02-20 13:44:09,570:INFO:                tqdm: 4.67.3
2026-02-20 13:44:09,570:INFO:               numpy: 1.26.4
2026-02-20 13:44:09,570:INFO:              pandas: 2.1.4
2026-02-20 13:44:09,570:INFO:              jinja2: 3.1.6
2026-02-20 13:44:09,570:INFO:               scipy: 1.11.4
2026-02-20 13:44:09,570:INFO:              joblib: 1.3.2
2026-02-20 13:44:09,570:INFO:             sklearn: 1.4.2
2026-02-20 13:44:09,570:INFO:                pyod: 2.0.6
2026-02-20 13:44:09,571:INFO:            imblearn: 0.14.1
2026-02-20 13:44:09,571:INFO:   category_encoders: 2.7.0
2026-02-20 13:44:09,571:INFO:            lightgbm: 4.6.0
2026-02-20 13:44:09,571:INFO:               numba: 0.63.1
2026-02-20 13:44:09,571:INFO:            requests: 2.32.5
2026-02-20 13:44:09,571:INFO:          matplotlib: 3.7.5
2026-02-20 13:44:09,571:INFO:          scikitplot: 0.3.7
2026-02-20 13:44:09,571:INFO:         yellowbrick: 1.5
2026-02-20 13:44:09,571:INFO:              plotly: 6.5.2
2026-02-20 13:44:09,571:INFO:    plotly-resampler: Not installed
2026-02-20 13:44:09,571:INFO:             kaleido: 1.2.0
2026-02-20 13:44:09,571:INFO:           schemdraw: 0.15
2026-02-20 13:44:09,571:INFO:         statsmodels: 0.14.6
2026-02-20 13:44:09,571:INFO:              sktime: 0.26.0
2026-02-20 13:44:09,571:INFO:               tbats: 1.1.3
2026-02-20 13:44:09,571:INFO:            pmdarima: 2.0.4
2026-02-20 13:44:09,571:INFO:              psutil: 7.2.2
2026-02-20 13:44:09,571:INFO:          markupsafe: 3.0.3
2026-02-20 13:44:09,571:INFO:             pickle5: Not installed
2026-02-20 13:44:09,571:INFO:         cloudpickle: 3.1.2
2026-02-20 13:44:09,571:INFO:         deprecation: 2.1.0
2026-02-20 13:44:09,571:INFO:              xxhash: 3.6.0
2026-02-20 13:44:09,571:INFO:           wurlitzer: 3.1.1
2026-02-20 13:44:09,571:INFO:PyCaret optional dependencies:
2026-02-20 13:44:09,584:INFO:                shap: Not installed
2026-02-20 13:44:09,584:INFO:           interpret: Not installed
2026-02-20 13:44:09,584:INFO:                umap: Not installed
2026-02-20 13:44:09,584:INFO:     ydata_profiling: Not installed
2026-02-20 13:44:09,584:INFO:  explainerdashboard: Not installed
2026-02-20 13:44:09,584:INFO:             autoviz: Not installed
2026-02-20 13:44:09,584:INFO:           fairlearn: Not installed
2026-02-20 13:44:09,584:INFO:          deepchecks: Not installed
2026-02-20 13:44:09,584:INFO:             xgboost: Not installed
2026-02-20 13:44:09,584:INFO:            catboost: Not installed
2026-02-20 13:44:09,584:INFO:              kmodes: Not installed
2026-02-20 13:44:09,584:INFO:             mlxtend: Not installed
2026-02-20 13:44:09,584:INFO:       statsforecast: Not installed
2026-02-20 13:44:09,585:INFO:        tune_sklearn: Not installed
2026-02-20 13:44:09,585:INFO:                 ray: Not installed
2026-02-20 13:44:09,585:INFO:            hyperopt: Not installed
2026-02-20 13:44:09,585:INFO:              optuna: Not installed
2026-02-20 13:44:09,585:INFO:               skopt: Not installed
2026-02-20 13:44:09,585:INFO:              mlflow: Not installed
2026-02-20 13:44:09,585:INFO:              gradio: Not installed
2026-02-20 13:44:09,585:INFO:             fastapi: Not installed
2026-02-20 13:44:09,585:INFO:             uvicorn: Not installed
2026-02-20 13:44:09,585:INFO:              m2cgen: Not installed
2026-02-20 13:44:09,585:INFO:           evidently: Not installed
2026-02-20 13:44:09,585:INFO:               fugue: Not installed
2026-02-20 13:44:09,585:INFO:           streamlit: Not installed
2026-02-20 13:44:09,585:INFO:             prophet: Not installed
2026-02-20 13:44:09,585:INFO:None
2026-02-20 13:44:09,585:INFO:Set up data.
2026-02-20 13:44:09,769:INFO:Set up folding strategy.
2026-02-20 13:44:09,769:INFO:Set up train/test split.
2026-02-20 13:44:10,216:INFO:Set up index.
2026-02-20 13:44:10,228:INFO:Assigning column types.
2026-02-20 13:44:10,579:INFO:Engine successfully changes for model 'lr' to 'sklearn'.
2026-02-20 13:44:10,613:INFO:Engine for model 'knn' has not been set explicitly, hence returning None.
2026-02-20 13:44:10,616:INFO:Engine for model 'rbfsvm' has not been set explicitly, hence returning None.
2026-02-20 13:44:10,643:WARNING:
'xgboost' is a soft dependency and not included in the pycaret installation. Please run: `pip install xgboost` to install.
Alternately, you can install this by running `pip install pycaret[models]`
2026-02-20 13:44:10,644:WARNING:
'catboost' is a soft dependency and not included in the pycaret installation. Please run: `pip install catboost` to install.
Alternately, you can install this by running `pip install pycaret[models]`
2026-02-20 13:44:10,680:INFO:Engine for model 'knn' has not been set explicitly, hence returning None.
2026-02-20 13:44:10,681:INFO:Engine for model 'rbfsvm' has not been set explicitly, hence returning None.
2026-02-20 13:44:10,702:WARNING:
'xgboost' is a soft dependency and not included in the pycaret installation. Please run: `pip install xgboost` to install.
Alternately, you can install this by running `pip install pycaret[models]`
2026-02-20 13:44:10,702:WARNING:
'catboost' is a soft dependency and not included in the pycaret installation. Please run: `pip install catboost` to install.
Alternately, you can install this by running `pip install pycaret[models]`
2026-02-20 13:44:10,702:INFO:Engine successfully changes for model 'knn' to 'sklearn'.
2026-02-20 13:44:10,737:INFO:Engine for model 'rbfsvm' has not been set explicitly, hence returning None.
2026-02-20 13:44:10,760:WARNING:
'xgboost' is a soft dependency and not included in the pycaret installation. Please run: `pip install xgboost` to install.
Alternately, you can install this by running `pip install pycaret[models]`
2026-02-20 13:44:10,760:WARNING:
'catboost' is a soft dependency and not included in the pycaret installation. Please run: `pip install catboost` to install.
Alternately, you can install this by running `pip install pycaret[models]`
2026-02-20 13:44:10,796:INFO:Engine for model 'rbfsvm' has not been set explicitly, hence returning None.
2026-02-20 13:44:10,818:WARNING:
'xgboost' is a soft dependency and not included in the pycaret installation. Please run: `pip install xgboost` to install.
Alternately, you can install this by running `pip install pycaret[models]`
2026-02-20 13:44:10,818:WARNING:
'catboost' is a soft dependency and not included in the pycaret installation. Please run: `pip install catboost` to install.
Alternately, you can install this by running `pip install pycaret[models]`
2026-02-20 13:44:10,818:INFO:Engine successfully changes for model 'rbfsvm' to 'sklearn'.
2026-02-20 13:44:10,878:WARNING:
'xgboost' is a soft dependency and not included in the pycaret installation. Please run: `pip install xgboost` to install.
Alternately, you can install this by running `pip install pycaret[models]`
2026-02-20 13:44:10,878:WARNING:
'catboost' is a soft dependency and not included in the pycaret installation. Please run: `pip install catboost` to install.
Alternately, you can install this by running `pip install pycaret[models]`
2026-02-20 13:44:10,935:WARNING:
'xgboost' is a soft dependency and not included in the pycaret installation. Please run: `pip install xgboost` to install.
Alternately, you can install this by running `pip install pycaret[models]`
2026-02-20 13:44:10,935:WARNING:
'catboost' is a soft dependency and not included in the pycaret installation. Please run: `pip install catboost` to install.
Alternately, you can install this by running `pip install pycaret[models]`
2026-02-20 13:44:10,941:INFO:Preparing preprocessing pipeline...
2026-02-20 13:44:10,992:INFO:Set up simple imputation.
2026-02-20 13:44:11,702:INFO:Finished creating preprocessing pipeline.
2026-02-20 13:44:11,705:INFO:Pipeline: Pipeline(memory=FastMemory(location=/tmp/joblib),
         steps=[('numerical_imputer',
                 TransformerWrapper(exclude=None,
                                    include=['A_feed_stream', 'D_feed_stream',
                                             'E_feed_stream',
                                             'Total_fresh_feed_stripper',
                                             'Recycle_flow_into_rxtr',
                                             'Reactor_feed_rate',
                                             'Reactor_pressure',
                                             'Reactor_level', 'Reactor_temp',
                                             'Purge_rate', 'Separator_temp',
                                             'Separator_level',
                                             'Separator_pr...
                                    transformer=SimpleImputer(add_indicator=False,
                                                              copy=True,
                                                              fill_value=None,
                                                              keep_empty_features=False,
                                                              missing_values=nan,
                                                              strategy='mean'))),
                ('categorical_imputer',
                 TransformerWrapper(exclude=None, include=[],
                                    transformer=SimpleImputer(add_indicator=False,
                                                              copy=True,
                                                              fill_value=None,
                                                              keep_empty_features=False,
                                                              missing_values=nan,
                                                              strategy='most_frequent')))],
         verbose=False)
2026-02-20 13:44:11,705:INFO:Creating final display dataframe.
2026-02-20 13:44:13,095:INFO:Setup _display_container:                     Description             Value
0                    Session id              1472
1                        Target      Ground_Truth
2                   Target type            Binary
3           Original data shape      (504000, 53)
4        Transformed data shape      (504000, 53)
5   Transformed train set shape      (352800, 53)
6    Transformed test set shape      (151200, 53)
7              Numeric features                52
8                    Preprocess              True
9               Imputation type            simple
10           Numeric imputation              mean
11       Categorical imputation              mode
12               Fold Generator   StratifiedKFold
13                  Fold Number                10
14                     CPU Jobs                -1
15                      Use GPU             False
16               Log Experiment             False
17              Experiment Name  clf-default-name
18                          USI              31c4
2026-02-20 13:44:13,168:WARNING:
'xgboost' is a soft dependency and not included in the pycaret installation. Please run: `pip install xgboost` to install.
Alternately, you can install this by running `pip install pycaret[models]`
2026-02-20 13:44:13,168:WARNING:
'catboost' is a soft dependency and not included in the pycaret installation. Please run: `pip install catboost` to install.
Alternately, you can install this by running `pip install pycaret[models]`
2026-02-20 13:44:13,234:WARNING:
'xgboost' is a soft dependency and not included in the pycaret installation. Please run: `pip install xgboost` to install.
Alternately, you can install this by running `pip install pycaret[models]`
2026-02-20 13:44:13,235:WARNING:
'catboost' is a soft dependency and not included in the pycaret installation. Please run: `pip install catboost` to install.
Alternately, you can install this by running `pip install pycaret[models]`
2026-02-20 13:44:13,236:INFO:setup() successfully completed in 3.73s...............
2026-02-20 13:44:13,236:INFO:Initializing load_model()
2026-02-20 13:44:13,236:INFO:load_model(model_name=../models/knn_model, platform=None, authentication=None, verbose=True)
2026-02-20 13:53:50,925:WARNING:
'cuml' is a soft dependency and not included in the pycaret installation. Please run: `pip install cuml` to install.
2026-02-20 13:53:50,926:WARNING:
'cuml' is a soft dependency and not included in the pycaret installation. Please run: `pip install cuml` to install.
2026-02-20 13:53:50,926:WARNING:
'cuml' is a soft dependency and not included in the pycaret installation. Please run: `pip install cuml` to install.
2026-02-20 13:53:50,926:WARNING:
'cuml' is a soft dependency and not included in the pycaret installation. Please run: `pip install cuml` to install.
2026-02-20 13:54:02,378:WARNING:
'cuml' is a soft dependency and not included in the pycaret installation. Please run: `pip install cuml` to install.
2026-02-20 13:54:02,378:WARNING:
'cuml' is a soft dependency and not included in the pycaret installation. Please run: `pip install cuml` to install.
2026-02-20 13:54:02,378:WARNING:
'cuml' is a soft dependency and not included in the pycaret installation. Please run: `pip install cuml` to install.
2026-02-20 13:54:02,378:WARNING:
'cuml' is a soft dependency and not included in the pycaret installation. Please run: `pip install cuml` to install.
